2025-02-14 23:45:07,813 - INFO - Successfully read file https://raw.githubusercontent.com/solytic/opendata/refs/heads/master/bronze/demo/Date%3D2021-11-01/part-00000.csv
2025-02-14 23:45:07,814 - INFO - Dataframe count: 68186
2025-02-14 23:45:08,228 - INFO - Successfully read file https://raw.githubusercontent.com/solytic/opendata/refs/heads/master/bronze/demo/Date%3D2021-11-02/part-00000.csv
2025-02-14 23:45:08,228 - INFO - Dataframe count: 3891
2025-02-14 23:45:09,750 - INFO - Successfully read file https://raw.githubusercontent.com/solytic/opendata/refs/heads/master/bronze/demo/Date%3D2021-11-02/part-00001.csv
2025-02-14 23:45:09,750 - INFO - Dataframe count: 63751
2025-02-14 23:45:10,202 - INFO - Successfully read file https://raw.githubusercontent.com/solytic/opendata/refs/heads/master/bronze/demo/Date%3D2021-11-03/part-00001.csv
2025-02-14 23:45:10,202 - INFO - Dataframe count: 5765
2025-02-14 23:45:11,806 - INFO - Successfully read file https://raw.githubusercontent.com/solytic/opendata/refs/heads/master/bronze/demo/Date%3D2021-11-03/part-00002.csv
2025-02-14 23:45:11,807 - INFO - Dataframe count: 65223
2025-02-14 23:45:12,274 - INFO - Successfully read file https://raw.githubusercontent.com/solytic/opendata/refs/heads/master/bronze/demo/Date%3D2021-11-04/part-00002.csv
2025-02-14 23:45:12,275 - INFO - Dataframe count: 6854
2025-02-14 23:45:14,047 - INFO - Successfully read file https://raw.githubusercontent.com/solytic/opendata/refs/heads/master/bronze/demo/Date%3D2021-11-04/part-00003.csv
2025-02-14 23:45:14,047 - INFO - Dataframe count: 74910
2025-02-14 23:45:14,974 - INFO - Successfully read file https://raw.githubusercontent.com/solytic/opendata/refs/heads/master/bronze/demo/Date%3D2021-11-04/part-00004.csv
2025-02-14 23:45:14,974 - INFO - Dataframe count: 24492
2025-02-14 23:45:16,421 - INFO - Successfully read file https://raw.githubusercontent.com/solytic/opendata/refs/heads/master/bronze/demo/Date%3D2021-11-05/part-00004.csv
2025-02-14 23:45:16,421 - INFO - Dataframe count: 55769
2025-02-14 23:45:18,174 - INFO - Successfully read file https://raw.githubusercontent.com/solytic/opendata/refs/heads/master/bronze/demo/Date%3D2021-11-05/part-00005.csv
2025-02-14 23:45:18,174 - INFO - Dataframe count: 75019
2025-02-14 23:45:19,182 - INFO - Successfully read file https://raw.githubusercontent.com/solytic/opendata/refs/heads/master/bronze/demo/Date%3D2021-11-05/part-00006.csv
2025-02-14 23:45:19,182 - INFO - Dataframe count: 27042
2025-02-14 23:45:20,462 - INFO - Successfully read file https://raw.githubusercontent.com/solytic/opendata/refs/heads/master/bronze/demo/Date%3D2021-11-06/part-00006.csv
2025-02-14 23:45:20,462 - INFO - Dataframe count: 52707
2025-02-14 23:45:22,094 - INFO - Successfully read file https://raw.githubusercontent.com/solytic/opendata/refs/heads/master/bronze/demo/Date%3D2021-11-06/part-00007.csv
2025-02-14 23:45:22,094 - INFO - Dataframe count: 71809
2025-02-14 23:45:23,125 - INFO - Successfully read file https://raw.githubusercontent.com/solytic/opendata/refs/heads/master/bronze/demo/Date%3D2021-11-06/part-00008.csv
2025-02-14 23:45:23,125 - INFO - Dataframe count: 38836
2025-02-14 23:45:24,228 - INFO - Successfully read file https://raw.githubusercontent.com/solytic/opendata/refs/heads/master/bronze/demo/Date%3D2021-11-07/part-00008.csv
2025-02-14 23:45:24,228 - INFO - Dataframe count: 36988
2025-02-14 23:45:26,892 - INFO - Successfully read file https://raw.githubusercontent.com/solytic/opendata/refs/heads/master/bronze/demo/Date%3D2021-11-07/part-00009.csv
2025-02-14 23:45:26,893 - INFO - Dataframe count: 126735
2025-02-14 23:45:26,932 - INFO - Final dataframe count: 797977
2025-02-14 23:46:13,476 - INFO - Spark dataframe count: 797977
2025-02-14 23:46:13,480 - INFO - Raw ingestion complete.
2025-02-14 23:46:14,121 - INFO - Closing down clientserver connection
2025-02-15 00:01:54,957 - INFO - Successfully read file https://raw.githubusercontent.com/solytic/opendata/refs/heads/master/bronze/demo/Date%3D2021-11-01/part-00000.csv
2025-02-15 00:01:54,957 - INFO - Dataframe count: 68186
2025-02-15 00:01:55,549 - INFO - Successfully read file https://raw.githubusercontent.com/solytic/opendata/refs/heads/master/bronze/demo/Date%3D2021-11-02/part-00000.csv
2025-02-15 00:01:55,549 - INFO - Dataframe count: 3891
2025-02-15 00:01:58,241 - INFO - Successfully read file https://raw.githubusercontent.com/solytic/opendata/refs/heads/master/bronze/demo/Date%3D2021-11-02/part-00001.csv
2025-02-15 00:01:58,241 - INFO - Dataframe count: 63751
2025-02-15 00:01:58,982 - INFO - Successfully read file https://raw.githubusercontent.com/solytic/opendata/refs/heads/master/bronze/demo/Date%3D2021-11-03/part-00001.csv
2025-02-15 00:01:58,982 - INFO - Dataframe count: 5765
2025-02-15 00:02:02,715 - INFO - Successfully read file https://raw.githubusercontent.com/solytic/opendata/refs/heads/master/bronze/demo/Date%3D2021-11-03/part-00002.csv
2025-02-15 00:02:02,715 - INFO - Dataframe count: 65223
2025-02-15 00:02:04,182 - INFO - Successfully read file https://raw.githubusercontent.com/solytic/opendata/refs/heads/master/bronze/demo/Date%3D2021-11-04/part-00002.csv
2025-02-15 00:02:04,182 - INFO - Dataframe count: 6854
2025-02-15 00:02:09,966 - INFO - Closing down clientserver connection
2025-02-15 00:10:43,709 - INFO - Successfully read file https://raw.githubusercontent.com/solytic/opendata/refs/heads/master/bronze/demo/Date%3D2021-11-01/part-00000.csv
2025-02-15 00:10:43,709 - INFO - Dataframe count: 68186
2025-02-15 00:10:44,180 - INFO - Successfully read file https://raw.githubusercontent.com/solytic/opendata/refs/heads/master/bronze/demo/Date%3D2021-11-02/part-00000.csv
2025-02-15 00:10:44,180 - INFO - Dataframe count: 3891
2025-02-15 00:10:46,914 - INFO - Successfully read file https://raw.githubusercontent.com/solytic/opendata/refs/heads/master/bronze/demo/Date%3D2021-11-02/part-00001.csv
2025-02-15 00:10:46,914 - INFO - Dataframe count: 63751
2025-02-15 00:10:47,633 - INFO - Successfully read file https://raw.githubusercontent.com/solytic/opendata/refs/heads/master/bronze/demo/Date%3D2021-11-03/part-00001.csv
2025-02-15 00:10:47,633 - INFO - Dataframe count: 5765
2025-02-15 00:10:50,368 - INFO - Successfully read file https://raw.githubusercontent.com/solytic/opendata/refs/heads/master/bronze/demo/Date%3D2021-11-03/part-00002.csv
2025-02-15 00:10:50,369 - INFO - Dataframe count: 65223
2025-02-15 00:10:51,024 - INFO - Successfully read file https://raw.githubusercontent.com/solytic/opendata/refs/heads/master/bronze/demo/Date%3D2021-11-04/part-00002.csv
2025-02-15 00:10:51,024 - INFO - Dataframe count: 6854
2025-02-15 00:10:55,393 - INFO - Successfully read file https://raw.githubusercontent.com/solytic/opendata/refs/heads/master/bronze/demo/Date%3D2021-11-04/part-00003.csv
2025-02-15 00:10:55,393 - INFO - Dataframe count: 74910
2025-02-15 00:10:57,163 - INFO - Successfully read file https://raw.githubusercontent.com/solytic/opendata/refs/heads/master/bronze/demo/Date%3D2021-11-04/part-00004.csv
2025-02-15 00:10:57,163 - INFO - Dataframe count: 24492
2025-02-15 00:11:00,590 - INFO - Successfully read file https://raw.githubusercontent.com/solytic/opendata/refs/heads/master/bronze/demo/Date%3D2021-11-05/part-00004.csv
2025-02-15 00:11:00,590 - INFO - Dataframe count: 55769
2025-02-15 00:11:04,421 - INFO - Successfully read file https://raw.githubusercontent.com/solytic/opendata/refs/heads/master/bronze/demo/Date%3D2021-11-05/part-00005.csv
2025-02-15 00:11:04,421 - INFO - Dataframe count: 75019
2025-02-15 00:11:06,019 - INFO - Successfully read file https://raw.githubusercontent.com/solytic/opendata/refs/heads/master/bronze/demo/Date%3D2021-11-05/part-00006.csv
2025-02-15 00:11:06,019 - INFO - Dataframe count: 27042
2025-02-15 00:11:09,558 - INFO - Successfully read file https://raw.githubusercontent.com/solytic/opendata/refs/heads/master/bronze/demo/Date%3D2021-11-06/part-00006.csv
2025-02-15 00:11:09,558 - INFO - Dataframe count: 52707
2025-02-15 00:11:13,285 - INFO - Successfully read file https://raw.githubusercontent.com/solytic/opendata/refs/heads/master/bronze/demo/Date%3D2021-11-06/part-00007.csv
2025-02-15 00:11:13,285 - INFO - Dataframe count: 71809
2025-02-15 00:11:14,958 - INFO - Successfully read file https://raw.githubusercontent.com/solytic/opendata/refs/heads/master/bronze/demo/Date%3D2021-11-06/part-00008.csv
2025-02-15 00:11:14,959 - INFO - Dataframe count: 38836
2025-02-15 00:11:16,529 - INFO - Successfully read file https://raw.githubusercontent.com/solytic/opendata/refs/heads/master/bronze/demo/Date%3D2021-11-07/part-00008.csv
2025-02-15 00:11:16,529 - INFO - Dataframe count: 36988
2025-02-15 00:11:21,938 - INFO - Successfully read file https://raw.githubusercontent.com/solytic/opendata/refs/heads/master/bronze/demo/Date%3D2021-11-07/part-00009.csv
2025-02-15 00:11:21,938 - INFO - Dataframe count: 126735
2025-02-15 00:11:21,980 - INFO - Final dataframe count: 797977
2025-02-15 00:12:06,055 - INFO - Closing down clientserver connection
2025-02-15 00:23:14,103 - INFO - Successfully read file https://raw.githubusercontent.com/solytic/opendata/refs/heads/master/bronze/demo/Date%3D2021-11-01/part-00000.csv
2025-02-15 00:23:14,103 - INFO - Dataframe count: 68186
2025-02-15 00:23:14,840 - INFO - Successfully read file https://raw.githubusercontent.com/solytic/opendata/refs/heads/master/bronze/demo/Date%3D2021-11-02/part-00000.csv
2025-02-15 00:23:14,841 - INFO - Dataframe count: 3891
2025-02-15 00:23:18,054 - INFO - Successfully read file https://raw.githubusercontent.com/solytic/opendata/refs/heads/master/bronze/demo/Date%3D2021-11-02/part-00001.csv
2025-02-15 00:23:18,054 - INFO - Dataframe count: 63751
2025-02-15 00:23:18,596 - INFO - Successfully read file https://raw.githubusercontent.com/solytic/opendata/refs/heads/master/bronze/demo/Date%3D2021-11-03/part-00001.csv
2025-02-15 00:23:18,596 - INFO - Dataframe count: 5765
2025-02-15 00:23:21,471 - INFO - Successfully read file https://raw.githubusercontent.com/solytic/opendata/refs/heads/master/bronze/demo/Date%3D2021-11-03/part-00002.csv
2025-02-15 00:23:21,471 - INFO - Dataframe count: 65223
2025-02-15 00:23:22,167 - INFO - Successfully read file https://raw.githubusercontent.com/solytic/opendata/refs/heads/master/bronze/demo/Date%3D2021-11-04/part-00002.csv
2025-02-15 00:23:22,167 - INFO - Dataframe count: 6854
2025-02-15 00:23:25,736 - INFO - Successfully read file https://raw.githubusercontent.com/solytic/opendata/refs/heads/master/bronze/demo/Date%3D2021-11-04/part-00003.csv
2025-02-15 00:23:25,736 - INFO - Dataframe count: 74910
2025-02-15 00:23:27,081 - INFO - Successfully read file https://raw.githubusercontent.com/solytic/opendata/refs/heads/master/bronze/demo/Date%3D2021-11-04/part-00004.csv
2025-02-15 00:23:27,081 - INFO - Dataframe count: 24492
2025-02-15 00:23:29,931 - INFO - Successfully read file https://raw.githubusercontent.com/solytic/opendata/refs/heads/master/bronze/demo/Date%3D2021-11-05/part-00004.csv
2025-02-15 00:23:29,932 - INFO - Dataframe count: 55769
2025-02-15 00:23:33,830 - INFO - Successfully read file https://raw.githubusercontent.com/solytic/opendata/refs/heads/master/bronze/demo/Date%3D2021-11-05/part-00005.csv
2025-02-15 00:23:33,830 - INFO - Dataframe count: 75019
2025-02-15 00:23:35,287 - INFO - Successfully read file https://raw.githubusercontent.com/solytic/opendata/refs/heads/master/bronze/demo/Date%3D2021-11-05/part-00006.csv
2025-02-15 00:23:35,287 - INFO - Dataframe count: 27042
2025-02-15 00:23:37,788 - INFO - Successfully read file https://raw.githubusercontent.com/solytic/opendata/refs/heads/master/bronze/demo/Date%3D2021-11-06/part-00006.csv
2025-02-15 00:23:37,788 - INFO - Dataframe count: 52707
2025-02-15 00:23:41,822 - INFO - Successfully read file https://raw.githubusercontent.com/solytic/opendata/refs/heads/master/bronze/demo/Date%3D2021-11-06/part-00007.csv
2025-02-15 00:23:41,823 - INFO - Dataframe count: 71809
2025-02-15 00:23:43,784 - INFO - Successfully read file https://raw.githubusercontent.com/solytic/opendata/refs/heads/master/bronze/demo/Date%3D2021-11-06/part-00008.csv
2025-02-15 00:23:43,784 - INFO - Dataframe count: 38836
2025-02-15 00:23:45,772 - INFO - Successfully read file https://raw.githubusercontent.com/solytic/opendata/refs/heads/master/bronze/demo/Date%3D2021-11-07/part-00008.csv
2025-02-15 00:23:45,773 - INFO - Dataframe count: 36988
2025-02-15 00:23:51,552 - INFO - Successfully read file https://raw.githubusercontent.com/solytic/opendata/refs/heads/master/bronze/demo/Date%3D2021-11-07/part-00009.csv
2025-02-15 00:23:51,552 - INFO - Dataframe count: 126735
2025-02-15 00:23:51,592 - INFO - Final dataframe count: 797977
2025-02-15 00:24:34,159 - INFO - Closing down clientserver connection
2025-02-15 00:29:46,843 - INFO - Successfully read file https://raw.githubusercontent.com/solytic/opendata/refs/heads/master/bronze/demo/Date%3D2021-11-01/part-00000.csv
2025-02-15 00:29:46,843 - INFO - Dataframe count: 68186
2025-02-15 00:29:47,464 - INFO - Successfully read file https://raw.githubusercontent.com/solytic/opendata/refs/heads/master/bronze/demo/Date%3D2021-11-02/part-00000.csv
2025-02-15 00:29:47,465 - INFO - Dataframe count: 3891
2025-02-15 00:29:53,566 - INFO - Successfully read file https://raw.githubusercontent.com/solytic/opendata/refs/heads/master/bronze/demo/Date%3D2021-11-02/part-00001.csv
2025-02-15 00:29:53,567 - INFO - Dataframe count: 63751
2025-02-15 00:29:54,331 - INFO - Successfully read file https://raw.githubusercontent.com/solytic/opendata/refs/heads/master/bronze/demo/Date%3D2021-11-03/part-00001.csv
2025-02-15 00:29:54,331 - INFO - Dataframe count: 5765
2025-02-15 00:29:58,458 - INFO - Successfully read file https://raw.githubusercontent.com/solytic/opendata/refs/heads/master/bronze/demo/Date%3D2021-11-03/part-00002.csv
2025-02-15 00:29:58,459 - INFO - Dataframe count: 65223
2025-02-15 00:29:59,108 - INFO - Successfully read file https://raw.githubusercontent.com/solytic/opendata/refs/heads/master/bronze/demo/Date%3D2021-11-04/part-00002.csv
2025-02-15 00:29:59,108 - INFO - Dataframe count: 6854
2025-02-15 00:30:05,287 - INFO - Successfully read file https://raw.githubusercontent.com/solytic/opendata/refs/heads/master/bronze/demo/Date%3D2021-11-04/part-00003.csv
2025-02-15 00:30:05,288 - INFO - Dataframe count: 74910
2025-02-15 00:30:07,204 - INFO - Successfully read file https://raw.githubusercontent.com/solytic/opendata/refs/heads/master/bronze/demo/Date%3D2021-11-04/part-00004.csv
2025-02-15 00:30:07,205 - INFO - Dataframe count: 24492
2025-02-15 00:30:11,523 - INFO - Successfully read file https://raw.githubusercontent.com/solytic/opendata/refs/heads/master/bronze/demo/Date%3D2021-11-05/part-00004.csv
2025-02-15 00:30:11,523 - INFO - Dataframe count: 55769
2025-02-15 00:30:16,522 - INFO - Successfully read file https://raw.githubusercontent.com/solytic/opendata/refs/heads/master/bronze/demo/Date%3D2021-11-05/part-00005.csv
2025-02-15 00:30:16,523 - INFO - Dataframe count: 75019
2025-02-15 00:30:19,169 - INFO - Successfully read file https://raw.githubusercontent.com/solytic/opendata/refs/heads/master/bronze/demo/Date%3D2021-11-05/part-00006.csv
2025-02-15 00:30:19,170 - INFO - Dataframe count: 27042
2025-02-15 00:30:23,389 - INFO - Successfully read file https://raw.githubusercontent.com/solytic/opendata/refs/heads/master/bronze/demo/Date%3D2021-11-06/part-00006.csv
2025-02-15 00:30:23,390 - INFO - Dataframe count: 52707
2025-02-15 00:30:28,020 - INFO - Successfully read file https://raw.githubusercontent.com/solytic/opendata/refs/heads/master/bronze/demo/Date%3D2021-11-06/part-00007.csv
2025-02-15 00:30:28,020 - INFO - Dataframe count: 71809
2025-02-15 00:30:30,638 - INFO - Successfully read file https://raw.githubusercontent.com/solytic/opendata/refs/heads/master/bronze/demo/Date%3D2021-11-06/part-00008.csv
2025-02-15 00:30:30,638 - INFO - Dataframe count: 38836
2025-02-15 00:30:33,048 - INFO - Successfully read file https://raw.githubusercontent.com/solytic/opendata/refs/heads/master/bronze/demo/Date%3D2021-11-07/part-00008.csv
2025-02-15 00:30:33,048 - INFO - Dataframe count: 36988
2025-02-15 00:30:42,379 - INFO - Successfully read file https://raw.githubusercontent.com/solytic/opendata/refs/heads/master/bronze/demo/Date%3D2021-11-07/part-00009.csv
2025-02-15 00:30:42,379 - INFO - Dataframe count: 126735
2025-02-15 00:30:42,412 - INFO - Final dataframe count: 797977
2025-02-15 00:31:25,855 - INFO - Spark dataframe - raw data - count: 797977
2025-02-15 00:31:26,452 - INFO - Closing down clientserver connection
2025-02-15 00:39:09,906 - INFO - Successfully read file https://raw.githubusercontent.com/solytic/opendata/refs/heads/master/bronze/demo/Date%3D2021-11-01/part-00000.csv
2025-02-15 00:39:09,906 - INFO - Dataframe count: 68186
2025-02-15 00:39:10,345 - INFO - Successfully read file https://raw.githubusercontent.com/solytic/opendata/refs/heads/master/bronze/demo/Date%3D2021-11-02/part-00000.csv
2025-02-15 00:39:10,345 - INFO - Dataframe count: 3891
2025-02-15 00:39:12,561 - INFO - Successfully read file https://raw.githubusercontent.com/solytic/opendata/refs/heads/master/bronze/demo/Date%3D2021-11-02/part-00001.csv
2025-02-15 00:39:12,561 - INFO - Dataframe count: 63751
2025-02-15 00:39:13,068 - INFO - Successfully read file https://raw.githubusercontent.com/solytic/opendata/refs/heads/master/bronze/demo/Date%3D2021-11-03/part-00001.csv
2025-02-15 00:39:13,069 - INFO - Dataframe count: 5765
2025-02-15 00:39:15,409 - INFO - Successfully read file https://raw.githubusercontent.com/solytic/opendata/refs/heads/master/bronze/demo/Date%3D2021-11-03/part-00002.csv
2025-02-15 00:39:15,409 - INFO - Dataframe count: 65223
2025-02-15 00:39:15,985 - INFO - Successfully read file https://raw.githubusercontent.com/solytic/opendata/refs/heads/master/bronze/demo/Date%3D2021-11-04/part-00002.csv
2025-02-15 00:39:15,985 - INFO - Dataframe count: 6854
2025-02-15 00:39:18,949 - INFO - Successfully read file https://raw.githubusercontent.com/solytic/opendata/refs/heads/master/bronze/demo/Date%3D2021-11-04/part-00003.csv
2025-02-15 00:39:18,950 - INFO - Dataframe count: 74910
2025-02-15 00:39:20,287 - INFO - Successfully read file https://raw.githubusercontent.com/solytic/opendata/refs/heads/master/bronze/demo/Date%3D2021-11-04/part-00004.csv
2025-02-15 00:39:20,288 - INFO - Dataframe count: 24492
2025-02-15 00:39:22,637 - INFO - Successfully read file https://raw.githubusercontent.com/solytic/opendata/refs/heads/master/bronze/demo/Date%3D2021-11-05/part-00004.csv
2025-02-15 00:39:22,637 - INFO - Dataframe count: 55769
2025-02-15 00:39:26,070 - INFO - Successfully read file https://raw.githubusercontent.com/solytic/opendata/refs/heads/master/bronze/demo/Date%3D2021-11-05/part-00005.csv
2025-02-15 00:39:26,070 - INFO - Dataframe count: 75019
2025-02-15 00:39:28,837 - INFO - Successfully read file https://raw.githubusercontent.com/solytic/opendata/refs/heads/master/bronze/demo/Date%3D2021-11-05/part-00006.csv
2025-02-15 00:39:28,837 - INFO - Dataframe count: 27042
2025-02-15 00:39:31,748 - INFO - Successfully read file https://raw.githubusercontent.com/solytic/opendata/refs/heads/master/bronze/demo/Date%3D2021-11-06/part-00006.csv
2025-02-15 00:39:31,748 - INFO - Dataframe count: 52707
2025-02-15 00:39:34,195 - INFO - Successfully read file https://raw.githubusercontent.com/solytic/opendata/refs/heads/master/bronze/demo/Date%3D2021-11-06/part-00007.csv
2025-02-15 00:39:34,195 - INFO - Dataframe count: 71809
2025-02-15 00:39:35,736 - INFO - Successfully read file https://raw.githubusercontent.com/solytic/opendata/refs/heads/master/bronze/demo/Date%3D2021-11-06/part-00008.csv
2025-02-15 00:39:35,737 - INFO - Dataframe count: 38836
2025-02-15 00:39:36,792 - INFO - Successfully read file https://raw.githubusercontent.com/solytic/opendata/refs/heads/master/bronze/demo/Date%3D2021-11-07/part-00008.csv
2025-02-15 00:39:36,792 - INFO - Dataframe count: 36988
2025-02-15 00:39:39,484 - INFO - Successfully read file https://raw.githubusercontent.com/solytic/opendata/refs/heads/master/bronze/demo/Date%3D2021-11-07/part-00009.csv
2025-02-15 00:39:39,484 - INFO - Dataframe count: 126735
2025-02-15 00:39:39,517 - INFO - Final dataframe count: 797977
2025-02-15 00:40:23,450 - INFO - Spark dataframe - raw data - count: 797977
2025-02-15 00:40:24,545 - INFO - Closing down clientserver connection
2025-02-15 00:47:14,525 - INFO - Successfully read file https://raw.githubusercontent.com/solytic/opendata/refs/heads/master/bronze/demo/Date%3D2021-11-01/part-00000.csv
2025-02-15 00:47:14,527 - INFO - Dataframe count: 68186
2025-02-15 00:47:14,897 - INFO - Successfully read file https://raw.githubusercontent.com/solytic/opendata/refs/heads/master/bronze/demo/Date%3D2021-11-02/part-00000.csv
2025-02-15 00:47:14,897 - INFO - Dataframe count: 3891
2025-02-15 00:47:16,576 - INFO - Successfully read file https://raw.githubusercontent.com/solytic/opendata/refs/heads/master/bronze/demo/Date%3D2021-11-02/part-00001.csv
2025-02-15 00:47:16,576 - INFO - Dataframe count: 63751
2025-02-15 00:47:17,169 - INFO - Successfully read file https://raw.githubusercontent.com/solytic/opendata/refs/heads/master/bronze/demo/Date%3D2021-11-03/part-00001.csv
2025-02-15 00:47:17,170 - INFO - Dataframe count: 5765
2025-02-15 00:47:18,840 - INFO - Successfully read file https://raw.githubusercontent.com/solytic/opendata/refs/heads/master/bronze/demo/Date%3D2021-11-03/part-00002.csv
2025-02-15 00:47:18,841 - INFO - Dataframe count: 65223
2025-02-15 00:47:19,275 - INFO - Successfully read file https://raw.githubusercontent.com/solytic/opendata/refs/heads/master/bronze/demo/Date%3D2021-11-04/part-00002.csv
2025-02-15 00:47:19,275 - INFO - Dataframe count: 6854
2025-02-15 00:47:20,844 - INFO - Successfully read file https://raw.githubusercontent.com/solytic/opendata/refs/heads/master/bronze/demo/Date%3D2021-11-04/part-00003.csv
2025-02-15 00:47:20,844 - INFO - Dataframe count: 74910
2025-02-15 00:47:21,656 - INFO - Successfully read file https://raw.githubusercontent.com/solytic/opendata/refs/heads/master/bronze/demo/Date%3D2021-11-04/part-00004.csv
2025-02-15 00:47:21,657 - INFO - Dataframe count: 24492
2025-02-15 00:47:23,023 - INFO - Successfully read file https://raw.githubusercontent.com/solytic/opendata/refs/heads/master/bronze/demo/Date%3D2021-11-05/part-00004.csv
2025-02-15 00:47:23,023 - INFO - Dataframe count: 55769
2025-02-15 00:47:24,718 - INFO - Successfully read file https://raw.githubusercontent.com/solytic/opendata/refs/heads/master/bronze/demo/Date%3D2021-11-05/part-00005.csv
2025-02-15 00:47:24,718 - INFO - Dataframe count: 75019
2025-02-15 00:47:25,574 - INFO - Successfully read file https://raw.githubusercontent.com/solytic/opendata/refs/heads/master/bronze/demo/Date%3D2021-11-05/part-00006.csv
2025-02-15 00:47:25,574 - INFO - Dataframe count: 27042
2025-02-15 00:47:27,050 - INFO - Successfully read file https://raw.githubusercontent.com/solytic/opendata/refs/heads/master/bronze/demo/Date%3D2021-11-06/part-00006.csv
2025-02-15 00:47:27,051 - INFO - Dataframe count: 52707
2025-02-15 00:47:28,878 - INFO - Successfully read file https://raw.githubusercontent.com/solytic/opendata/refs/heads/master/bronze/demo/Date%3D2021-11-06/part-00007.csv
2025-02-15 00:47:28,878 - INFO - Dataframe count: 71809
2025-02-15 00:47:29,847 - INFO - Successfully read file https://raw.githubusercontent.com/solytic/opendata/refs/heads/master/bronze/demo/Date%3D2021-11-06/part-00008.csv
2025-02-15 00:47:29,847 - INFO - Dataframe count: 38836
2025-02-15 00:47:30,921 - INFO - Successfully read file https://raw.githubusercontent.com/solytic/opendata/refs/heads/master/bronze/demo/Date%3D2021-11-07/part-00008.csv
2025-02-15 00:47:30,921 - INFO - Dataframe count: 36988
2025-02-15 00:47:33,632 - INFO - Successfully read file https://raw.githubusercontent.com/solytic/opendata/refs/heads/master/bronze/demo/Date%3D2021-11-07/part-00009.csv
2025-02-15 00:47:33,632 - INFO - Dataframe count: 126735
2025-02-15 00:47:33,661 - INFO - Final dataframe count: 797977
2025-02-15 00:48:04,037 - INFO - Spark dataframe - raw data - count: 797977
2025-02-15 00:48:05,145 - INFO - Closing down clientserver connection
2025-02-15 00:53:47,317 - INFO - Successfully read file https://raw.githubusercontent.com/solytic/opendata/refs/heads/master/bronze/demo/Date%3D2021-11-01/part-00000.csv
2025-02-15 00:53:47,317 - INFO - Dataframe count: 68186
2025-02-15 00:53:47,692 - INFO - Successfully read file https://raw.githubusercontent.com/solytic/opendata/refs/heads/master/bronze/demo/Date%3D2021-11-02/part-00000.csv
2025-02-15 00:53:47,692 - INFO - Dataframe count: 3891
2025-02-15 00:53:49,208 - INFO - Successfully read file https://raw.githubusercontent.com/solytic/opendata/refs/heads/master/bronze/demo/Date%3D2021-11-02/part-00001.csv
2025-02-15 00:53:49,208 - INFO - Dataframe count: 63751
2025-02-15 00:53:49,644 - INFO - Successfully read file https://raw.githubusercontent.com/solytic/opendata/refs/heads/master/bronze/demo/Date%3D2021-11-03/part-00001.csv
2025-02-15 00:53:49,644 - INFO - Dataframe count: 5765
2025-02-15 00:53:51,140 - INFO - Successfully read file https://raw.githubusercontent.com/solytic/opendata/refs/heads/master/bronze/demo/Date%3D2021-11-03/part-00002.csv
2025-02-15 00:53:51,140 - INFO - Dataframe count: 65223
2025-02-15 00:53:51,664 - INFO - Successfully read file https://raw.githubusercontent.com/solytic/opendata/refs/heads/master/bronze/demo/Date%3D2021-11-04/part-00002.csv
2025-02-15 00:53:51,664 - INFO - Dataframe count: 6854
2025-02-15 00:53:53,286 - INFO - Successfully read file https://raw.githubusercontent.com/solytic/opendata/refs/heads/master/bronze/demo/Date%3D2021-11-04/part-00003.csv
2025-02-15 00:53:53,287 - INFO - Dataframe count: 74910
2025-02-15 00:53:54,052 - INFO - Successfully read file https://raw.githubusercontent.com/solytic/opendata/refs/heads/master/bronze/demo/Date%3D2021-11-04/part-00004.csv
2025-02-15 00:53:54,052 - INFO - Dataframe count: 24492
2025-02-15 00:53:55,411 - INFO - Successfully read file https://raw.githubusercontent.com/solytic/opendata/refs/heads/master/bronze/demo/Date%3D2021-11-05/part-00004.csv
2025-02-15 00:53:55,412 - INFO - Dataframe count: 55769
2025-02-15 00:53:57,068 - INFO - Successfully read file https://raw.githubusercontent.com/solytic/opendata/refs/heads/master/bronze/demo/Date%3D2021-11-05/part-00005.csv
2025-02-15 00:53:57,068 - INFO - Dataframe count: 75019
2025-02-15 00:53:57,885 - INFO - Successfully read file https://raw.githubusercontent.com/solytic/opendata/refs/heads/master/bronze/demo/Date%3D2021-11-05/part-00006.csv
2025-02-15 00:53:57,885 - INFO - Dataframe count: 27042
2025-02-15 00:53:59,475 - INFO - Successfully read file https://raw.githubusercontent.com/solytic/opendata/refs/heads/master/bronze/demo/Date%3D2021-11-06/part-00006.csv
2025-02-15 00:53:59,475 - INFO - Dataframe count: 52707
2025-02-15 00:54:01,195 - INFO - Successfully read file https://raw.githubusercontent.com/solytic/opendata/refs/heads/master/bronze/demo/Date%3D2021-11-06/part-00007.csv
2025-02-15 00:54:01,195 - INFO - Dataframe count: 71809
2025-02-15 00:54:02,266 - INFO - Successfully read file https://raw.githubusercontent.com/solytic/opendata/refs/heads/master/bronze/demo/Date%3D2021-11-06/part-00008.csv
2025-02-15 00:54:02,266 - INFO - Dataframe count: 38836
2025-02-15 00:54:03,384 - INFO - Successfully read file https://raw.githubusercontent.com/solytic/opendata/refs/heads/master/bronze/demo/Date%3D2021-11-07/part-00008.csv
2025-02-15 00:54:03,384 - INFO - Dataframe count: 36988
2025-02-15 00:54:05,885 - INFO - Successfully read file https://raw.githubusercontent.com/solytic/opendata/refs/heads/master/bronze/demo/Date%3D2021-11-07/part-00009.csv
2025-02-15 00:54:05,885 - INFO - Dataframe count: 126735
2025-02-15 00:54:05,914 - INFO - Final dataframe count: 797977
2025-02-15 00:54:35,335 - INFO - Spark dataframe - raw data - count: 797977
2025-02-15 00:54:36,664 - INFO - Closing down clientserver connection
2025-02-15 11:28:15,824 - INFO - Successfully read file https://raw.githubusercontent.com/solytic/opendata/refs/heads/master/bronze/demo/Date%3D2021-11-01/part-00000.csv
2025-02-15 11:28:15,824 - INFO - Dataframe count: 68186
2025-02-15 11:28:16,419 - INFO - Successfully read file https://raw.githubusercontent.com/solytic/opendata/refs/heads/master/bronze/demo/Date%3D2021-11-02/part-00000.csv
2025-02-15 11:28:16,419 - INFO - Dataframe count: 3891
2025-02-15 11:28:18,000 - INFO - Successfully read file https://raw.githubusercontent.com/solytic/opendata/refs/heads/master/bronze/demo/Date%3D2021-11-02/part-00001.csv
2025-02-15 11:28:18,000 - INFO - Dataframe count: 63751
2025-02-15 11:28:18,667 - INFO - Successfully read file https://raw.githubusercontent.com/solytic/opendata/refs/heads/master/bronze/demo/Date%3D2021-11-03/part-00001.csv
2025-02-15 11:28:18,667 - INFO - Dataframe count: 5765
2025-02-15 11:28:20,415 - INFO - Successfully read file https://raw.githubusercontent.com/solytic/opendata/refs/heads/master/bronze/demo/Date%3D2021-11-03/part-00002.csv
2025-02-15 11:28:20,415 - INFO - Dataframe count: 65223
2025-02-15 11:28:21,138 - INFO - Successfully read file https://raw.githubusercontent.com/solytic/opendata/refs/heads/master/bronze/demo/Date%3D2021-11-04/part-00002.csv
2025-02-15 11:28:21,138 - INFO - Dataframe count: 6854
2025-02-15 11:28:23,803 - INFO - Successfully read file https://raw.githubusercontent.com/solytic/opendata/refs/heads/master/bronze/demo/Date%3D2021-11-04/part-00003.csv
2025-02-15 11:28:23,803 - INFO - Dataframe count: 74910
2025-02-15 11:28:24,826 - INFO - Successfully read file https://raw.githubusercontent.com/solytic/opendata/refs/heads/master/bronze/demo/Date%3D2021-11-04/part-00004.csv
2025-02-15 11:28:24,827 - INFO - Dataframe count: 24492
2025-02-15 11:28:26,239 - INFO - Successfully read file https://raw.githubusercontent.com/solytic/opendata/refs/heads/master/bronze/demo/Date%3D2021-11-05/part-00004.csv
2025-02-15 11:28:26,239 - INFO - Dataframe count: 55769
2025-02-15 11:28:28,752 - INFO - Successfully read file https://raw.githubusercontent.com/solytic/opendata/refs/heads/master/bronze/demo/Date%3D2021-11-05/part-00005.csv
2025-02-15 11:28:28,752 - INFO - Dataframe count: 75019
2025-02-15 11:28:29,899 - INFO - Successfully read file https://raw.githubusercontent.com/solytic/opendata/refs/heads/master/bronze/demo/Date%3D2021-11-05/part-00006.csv
2025-02-15 11:28:29,899 - INFO - Dataframe count: 27042
2025-02-15 11:28:31,442 - INFO - Successfully read file https://raw.githubusercontent.com/solytic/opendata/refs/heads/master/bronze/demo/Date%3D2021-11-06/part-00006.csv
2025-02-15 11:28:31,442 - INFO - Dataframe count: 52707
2025-02-15 11:28:33,321 - INFO - Successfully read file https://raw.githubusercontent.com/solytic/opendata/refs/heads/master/bronze/demo/Date%3D2021-11-06/part-00007.csv
2025-02-15 11:28:33,321 - INFO - Dataframe count: 71809
2025-02-15 11:28:34,447 - INFO - Successfully read file https://raw.githubusercontent.com/solytic/opendata/refs/heads/master/bronze/demo/Date%3D2021-11-06/part-00008.csv
2025-02-15 11:28:34,447 - INFO - Dataframe count: 38836
2025-02-15 11:28:35,580 - INFO - Successfully read file https://raw.githubusercontent.com/solytic/opendata/refs/heads/master/bronze/demo/Date%3D2021-11-07/part-00008.csv
2025-02-15 11:28:35,581 - INFO - Dataframe count: 36988
2025-02-15 11:28:39,188 - INFO - Successfully read file https://raw.githubusercontent.com/solytic/opendata/refs/heads/master/bronze/demo/Date%3D2021-11-07/part-00009.csv
2025-02-15 11:28:39,188 - INFO - Dataframe count: 126735
2025-02-15 11:28:39,213 - INFO - Final dataframe count: 797977
2025-02-15 11:29:08,451 - INFO - Spark dataframe - raw data - count: 797977
2025-02-15 11:29:14,337 - INFO - Raw ingestion complete.
2025-02-15 11:29:14,911 - INFO - Closing down clientserver connection
2025-02-16 11:26:14,430 - INFO - Successfully read file https://raw.githubusercontent.com/solytic/opendata/refs/heads/master/bronze/demo/Date%3D2021-11-01/part-00000.csv
2025-02-16 11:26:14,430 - INFO - Dataframe count: 68186
2025-02-16 11:26:15,568 - INFO - Successfully read file https://raw.githubusercontent.com/solytic/opendata/refs/heads/master/bronze/demo/Date%3D2021-11-02/part-00000.csv
2025-02-16 11:26:15,568 - INFO - Dataframe count: 3891
2025-02-16 11:26:19,643 - INFO - Successfully read file https://raw.githubusercontent.com/solytic/opendata/refs/heads/master/bronze/demo/Date%3D2021-11-02/part-00001.csv
2025-02-16 11:26:19,644 - INFO - Dataframe count: 63751
2025-02-16 11:26:20,548 - INFO - Successfully read file https://raw.githubusercontent.com/solytic/opendata/refs/heads/master/bronze/demo/Date%3D2021-11-03/part-00001.csv
2025-02-16 11:26:20,548 - INFO - Dataframe count: 5765
2025-02-16 11:26:24,632 - INFO - Successfully read file https://raw.githubusercontent.com/solytic/opendata/refs/heads/master/bronze/demo/Date%3D2021-11-03/part-00002.csv
2025-02-16 11:26:24,632 - INFO - Dataframe count: 65223
2025-02-16 11:26:25,338 - INFO - Successfully read file https://raw.githubusercontent.com/solytic/opendata/refs/heads/master/bronze/demo/Date%3D2021-11-04/part-00002.csv
2025-02-16 11:26:25,339 - INFO - Dataframe count: 6854
2025-02-16 11:26:29,504 - INFO - Successfully read file https://raw.githubusercontent.com/solytic/opendata/refs/heads/master/bronze/demo/Date%3D2021-11-04/part-00003.csv
2025-02-16 11:26:29,504 - INFO - Dataframe count: 74910
2025-02-16 11:26:31,768 - INFO - Successfully read file https://raw.githubusercontent.com/solytic/opendata/refs/heads/master/bronze/demo/Date%3D2021-11-04/part-00004.csv
2025-02-16 11:26:31,768 - INFO - Dataframe count: 24492
2025-02-16 11:26:34,649 - INFO - Successfully read file https://raw.githubusercontent.com/solytic/opendata/refs/heads/master/bronze/demo/Date%3D2021-11-05/part-00004.csv
2025-02-16 11:26:34,649 - INFO - Dataframe count: 55769
2025-02-16 11:26:38,698 - INFO - Successfully read file https://raw.githubusercontent.com/solytic/opendata/refs/heads/master/bronze/demo/Date%3D2021-11-05/part-00005.csv
2025-02-16 11:26:38,698 - INFO - Dataframe count: 75019
2025-02-16 11:26:40,352 - INFO - Successfully read file https://raw.githubusercontent.com/solytic/opendata/refs/heads/master/bronze/demo/Date%3D2021-11-05/part-00006.csv
2025-02-16 11:26:40,352 - INFO - Dataframe count: 27042
2025-02-16 11:26:42,799 - INFO - Successfully read file https://raw.githubusercontent.com/solytic/opendata/refs/heads/master/bronze/demo/Date%3D2021-11-06/part-00006.csv
2025-02-16 11:26:42,799 - INFO - Dataframe count: 52707
2025-02-16 11:26:47,087 - INFO - Successfully read file https://raw.githubusercontent.com/solytic/opendata/refs/heads/master/bronze/demo/Date%3D2021-11-06/part-00007.csv
2025-02-16 11:26:47,087 - INFO - Dataframe count: 71809
2025-02-16 11:26:49,431 - INFO - Successfully read file https://raw.githubusercontent.com/solytic/opendata/refs/heads/master/bronze/demo/Date%3D2021-11-06/part-00008.csv
2025-02-16 11:26:49,431 - INFO - Dataframe count: 38836
2025-02-16 11:26:51,783 - INFO - Successfully read file https://raw.githubusercontent.com/solytic/opendata/refs/heads/master/bronze/demo/Date%3D2021-11-07/part-00008.csv
2025-02-16 11:26:51,783 - INFO - Dataframe count: 36988
2025-02-16 11:26:58,512 - INFO - Successfully read file https://raw.githubusercontent.com/solytic/opendata/refs/heads/master/bronze/demo/Date%3D2021-11-07/part-00009.csv
2025-02-16 11:26:58,512 - INFO - Dataframe count: 126735
2025-02-16 11:26:58,551 - INFO - Final dataframe count: 797977
2025-02-16 11:27:49,763 - INFO - Spark dataframe - raw data - count: 797977
2025-02-16 11:27:59,952 - INFO - Raw ingestion complete.
2025-02-16 11:28:00,529 - INFO - Closing down clientserver connection
2025-02-16 12:39:39,472 - INFO - Successfully read file https://raw.githubusercontent.com/solytic/opendata/refs/heads/master/bronze/demo/Date%3D2021-11-01/part-00000.csv
2025-02-16 12:39:39,472 - INFO - Dataframe count: 68186
2025-02-16 12:39:40,092 - INFO - Successfully read file https://raw.githubusercontent.com/solytic/opendata/refs/heads/master/bronze/demo/Date%3D2021-11-02/part-00000.csv
2025-02-16 12:39:40,092 - INFO - Dataframe count: 3891
2025-02-16 12:39:42,764 - INFO - Successfully read file https://raw.githubusercontent.com/solytic/opendata/refs/heads/master/bronze/demo/Date%3D2021-11-02/part-00001.csv
2025-02-16 12:39:42,764 - INFO - Dataframe count: 63751
2025-02-16 12:39:43,500 - INFO - Successfully read file https://raw.githubusercontent.com/solytic/opendata/refs/heads/master/bronze/demo/Date%3D2021-11-03/part-00001.csv
2025-02-16 12:39:43,501 - INFO - Dataframe count: 5765
2025-02-16 12:39:46,431 - INFO - Successfully read file https://raw.githubusercontent.com/solytic/opendata/refs/heads/master/bronze/demo/Date%3D2021-11-03/part-00002.csv
2025-02-16 12:39:46,431 - INFO - Dataframe count: 65223
2025-02-16 12:39:47,230 - INFO - Successfully read file https://raw.githubusercontent.com/solytic/opendata/refs/heads/master/bronze/demo/Date%3D2021-11-04/part-00002.csv
2025-02-16 12:39:47,230 - INFO - Dataframe count: 6854
2025-02-16 12:39:52,086 - INFO - Successfully read file https://raw.githubusercontent.com/solytic/opendata/refs/heads/master/bronze/demo/Date%3D2021-11-04/part-00003.csv
2025-02-16 12:39:52,086 - INFO - Dataframe count: 74910
2025-02-16 12:39:53,463 - INFO - Successfully read file https://raw.githubusercontent.com/solytic/opendata/refs/heads/master/bronze/demo/Date%3D2021-11-04/part-00004.csv
2025-02-16 12:39:53,463 - INFO - Dataframe count: 24492
2025-02-16 12:39:55,965 - INFO - Successfully read file https://raw.githubusercontent.com/solytic/opendata/refs/heads/master/bronze/demo/Date%3D2021-11-05/part-00004.csv
2025-02-16 12:39:55,966 - INFO - Dataframe count: 55769
2025-02-16 12:39:59,056 - INFO - Successfully read file https://raw.githubusercontent.com/solytic/opendata/refs/heads/master/bronze/demo/Date%3D2021-11-05/part-00005.csv
2025-02-16 12:39:59,056 - INFO - Dataframe count: 75019
2025-02-16 12:40:00,465 - INFO - Successfully read file https://raw.githubusercontent.com/solytic/opendata/refs/heads/master/bronze/demo/Date%3D2021-11-05/part-00006.csv
2025-02-16 12:40:00,465 - INFO - Dataframe count: 27042
2025-02-16 12:40:02,784 - INFO - Successfully read file https://raw.githubusercontent.com/solytic/opendata/refs/heads/master/bronze/demo/Date%3D2021-11-06/part-00006.csv
2025-02-16 12:40:02,784 - INFO - Dataframe count: 52707
2025-02-16 12:40:05,628 - INFO - Successfully read file https://raw.githubusercontent.com/solytic/opendata/refs/heads/master/bronze/demo/Date%3D2021-11-06/part-00007.csv
2025-02-16 12:40:05,628 - INFO - Dataframe count: 71809
2025-02-16 12:40:07,428 - INFO - Successfully read file https://raw.githubusercontent.com/solytic/opendata/refs/heads/master/bronze/demo/Date%3D2021-11-06/part-00008.csv
2025-02-16 12:40:07,428 - INFO - Dataframe count: 38836
2025-02-16 12:40:09,222 - INFO - Successfully read file https://raw.githubusercontent.com/solytic/opendata/refs/heads/master/bronze/demo/Date%3D2021-11-07/part-00008.csv
2025-02-16 12:40:09,222 - INFO - Dataframe count: 36988
2025-02-16 12:40:14,024 - INFO - Successfully read file https://raw.githubusercontent.com/solytic/opendata/refs/heads/master/bronze/demo/Date%3D2021-11-07/part-00009.csv
2025-02-16 12:40:14,024 - INFO - Dataframe count: 126735
2025-02-16 12:40:14,062 - INFO - Final dataframe count: 797977
2025-02-16 12:41:04,216 - INFO - Spark dataframe - raw data - count: 797977
2025-02-16 12:41:12,210 - INFO - Raw ingestion complete.
2025-02-16 12:41:20,617 - INFO - Transformed data ingested into Silver table.
2025-02-16 12:41:21,652 - INFO - Closing down clientserver connection
